
-----
Test: tests/test_google_maps_api.py::Test_create_place_class::test_create_new_place (call)
Time: 2022-11-04 13:52:49.337191
Request method: POST
Request URL: https://rahulshettyacademy.com/maps/api/place/add/json?key=qaclick123

Response code: 200
Response text: {"status":"OK","place_id":"a346fc538b3cb4c6eb43f2a007ea134f","scope":"APP","reference":"4c89956217c2b6184d1d57368ee3ad634c89956217c2b6184d1d57368ee3ad63","id":"4c89956217c2b6184d1d57368ee3ad63"}
Response headers: {'Date': 'Fri, 04 Nov 2022 09:52:50 GMT', 'Server': 'Apache/2.4.41 (Ubuntu)', 'Access-Control-Allow-Origin': '*', 'Access-Control-Allow-Methods': 'POST', 'Access-Control-Max-Age': '3600', 'Access-Control-Allow-Headers': 'Content-Type, Access-Control-Allow-Headers, Authorization, X-Requested-With', 'Content-Length': '194', 'Keep-Alive': 'timeout=5, max=100', 'Connection': 'Keep-Alive', 'Content-Type': 'application/json;charset=UTF-8'}
Response cookies: {}

-----

-----
Test: tests/test_google_maps_api.py::Test_create_place_class::test_create_new_place (call)
Time: 2022-11-04 13:52:50.007846
Request method: GET
Request URL: https://rahulshettyacademy.com/maps/api/place/get/json?key=qaclick123&place_id=a346fc538b3cb4c6eb43f2a007ea134f

Response code: 200
Response text: {"location":{"latitude":"53.155501","longitude":"48.474795"},"accuracy":"50","name":"Lenin monument","phone_number":"","address":"Sovetskaya Ulitsa, 96, Syzran, Samara Oblast, Russia, 446026","types":"shoe park,shop","website":"http:\/\/google.com","language":"French-IN"}
Response headers: {'Date': 'Fri, 04 Nov 2022 09:52:50 GMT', 'Server': 'Apache/2.4.41 (Ubuntu)', 'Access-Control-Allow-Origin': '*', 'Access-Control-Allow-Methods': 'POST', 'Access-Control-Max-Age': '3600', 'Access-Control-Allow-Headers': 'Content-Type, Access-Control-Allow-Headers, Authorization, X-Requested-With', 'Content-Length': '272', 'Keep-Alive': 'timeout=5, max=100', 'Connection': 'Keep-Alive', 'Content-Type': 'application/json;charset=UTF-8'}
Response cookies: {}

-----

-----
Test: tests/test_google_maps_api.py::Test_create_place_class::test_create_new_place (call)
Time: 2022-11-04 13:52:50.888336
Request method: PUT
Request URL: https://rahulshettyacademy.com/maps/api/place/update/json?key=qaclick123

Response code: 200
Response text: {"msg":"Address successfully updated"}
Response headers: {'Date': 'Fri, 04 Nov 2022 09:52:51 GMT', 'Server': 'Apache/2.4.41 (Ubuntu)', 'Access-Control-Allow-Origin': '*', 'Access-Control-Allow-Methods': 'POST', 'Access-Control-Max-Age': '3600', 'Access-Control-Allow-Headers': 'Content-Type, Access-Control-Allow-Headers, Authorization, X-Requested-With', 'Content-Length': '38', 'Keep-Alive': 'timeout=5, max=100', 'Connection': 'Keep-Alive', 'Content-Type': 'application/json;charset=UTF-8'}
Response cookies: {}

-----

-----
Test: tests/test_google_maps_api.py::Test_create_place_class::test_create_new_place (call)
Time: 2022-11-04 13:52:51.861483
Request method: GET
Request URL: https://rahulshettyacademy.com/maps/api/place/get/json?key=qaclick123&place_id=a346fc538b3cb4c6eb43f2a007ea134f

Response code: 200
Response text: {"location":{"latitude":"53.155501","longitude":"48.474795"},"accuracy":"50","name":"Lenin monument","phone_number":"","address":"Ploshchad Revolyutsii, Samara, Samara Oblast, Russia, 443099","types":"shoe park,shop","website":"http:\/\/google.com","language":"French-IN"}
Response headers: {'Date': 'Fri, 04 Nov 2022 09:52:52 GMT', 'Server': 'Apache/2.4.41 (Ubuntu)', 'Access-Control-Allow-Origin': '*', 'Access-Control-Allow-Methods': 'POST', 'Access-Control-Max-Age': '3600', 'Access-Control-Allow-Headers': 'Content-Type, Access-Control-Allow-Headers, Authorization, X-Requested-With', 'Content-Length': '272', 'Keep-Alive': 'timeout=5, max=100', 'Connection': 'Keep-Alive', 'Content-Type': 'application/json;charset=UTF-8'}
Response cookies: {}

-----

-----
Test: tests/test_google_maps_api.py::Test_create_place_class::test_create_new_place (call)
Time: 2022-11-04 13:52:52.646561
Request method: DELETE
Request URL: https://rahulshettyacademy.com/maps/api/place/delete/json?key=qaclick123

Response code: 200
Response text: {"status":"OK"}
Response headers: {'Date': 'Fri, 04 Nov 2022 09:52:53 GMT', 'Server': 'Apache/2.4.41 (Ubuntu)', 'Access-Control-Allow-Origin': '*', 'Access-Control-Allow-Methods': 'POST', 'Access-Control-Max-Age': '3600', 'Access-Control-Allow-Headers': 'Content-Type, Access-Control-Allow-Headers, Authorization, X-Requested-With', 'Content-Length': '15', 'Keep-Alive': 'timeout=5, max=100', 'Connection': 'Keep-Alive', 'Content-Type': 'application/json;charset=UTF-8'}
Response cookies: {}

-----

-----
Test: tests/test_google_maps_api.py::Test_create_place_class::test_create_new_place (call)
Time: 2022-11-04 13:52:53.681581
Request method: GET
Request URL: https://rahulshettyacademy.com/maps/api/place/get/json?key=qaclick123&place_id=a346fc538b3cb4c6eb43f2a007ea134f

Response code: 404
Response text: {"msg":"Get operation failed, looks like place_id  doesn't exists"}
Response headers: {'Date': 'Fri, 04 Nov 2022 09:52:54 GMT', 'Server': 'Apache/2.4.41 (Ubuntu)', 'Access-Control-Allow-Origin': '*', 'Access-Control-Allow-Methods': 'POST', 'Access-Control-Max-Age': '3600', 'Access-Control-Allow-Headers': 'Content-Type, Access-Control-Allow-Headers, Authorization, X-Requested-With', 'Content-Length': '67', 'Keep-Alive': 'timeout=5, max=100', 'Connection': 'Keep-Alive', 'Content-Type': 'application/json;charset=UTF-8'}
Response cookies: {}

-----

-----
Test: tests/test_google_maps_api.py::Test_create_place_class::test_negative_requests_google_place (call)
Time: 2022-11-04 13:52:54.542110
Request method: GET
Request URL: https://rahulshettyacademy.com/maps/api/place/get/json?key=qaclick123&place_id=555

Response code: 404
Response text: {"msg":"Get operation failed, looks like place_id  doesn't exists"}
Response headers: {'Date': 'Fri, 04 Nov 2022 09:52:55 GMT', 'Server': 'Apache/2.4.41 (Ubuntu)', 'Access-Control-Allow-Origin': '*', 'Access-Control-Allow-Methods': 'POST', 'Access-Control-Max-Age': '3600', 'Access-Control-Allow-Headers': 'Content-Type, Access-Control-Allow-Headers, Authorization, X-Requested-With', 'Content-Length': '67', 'Keep-Alive': 'timeout=5, max=100', 'Connection': 'Keep-Alive', 'Content-Type': 'application/json;charset=UTF-8'}
Response cookies: {}

-----

-----
Test: tests/test_google_maps_api.py::Test_create_place_class::test_negative_requests_google_place (call)
Time: 2022-11-04 13:52:55.342558
Request method: PUT
Request URL: https://rahulshettyacademy.com/maps/api/place/update/json?key=qaclick123

Response code: 404
Response text: {"msg":"Update address operation failed, looks like the data doesn't exists"}
Response headers: {'Date': 'Fri, 04 Nov 2022 09:52:56 GMT', 'Server': 'Apache/2.4.41 (Ubuntu)', 'Access-Control-Allow-Origin': '*', 'Access-Control-Allow-Methods': 'POST', 'Access-Control-Max-Age': '3600', 'Access-Control-Allow-Headers': 'Content-Type, Access-Control-Allow-Headers, Authorization, X-Requested-With', 'Content-Length': '77', 'Keep-Alive': 'timeout=5, max=100', 'Connection': 'Keep-Alive', 'Content-Type': 'application/json;charset=UTF-8'}
Response cookies: {}

-----

-----
Test: tests/test_google_maps_api.py::Test_create_place_class::test_negative_requests_google_place (call)
Time: 2022-11-04 13:52:56.403768
Request method: DELETE
Request URL: https://rahulshettyacademy.com/maps/api/place/delete/json?key=qaclick123

Response code: 404
Response text: {"msg":"Delete operation failed, looks like the data doesn't exists"}
Response headers: {'Date': 'Fri, 04 Nov 2022 09:52:57 GMT', 'Server': 'Apache/2.4.41 (Ubuntu)', 'Access-Control-Allow-Origin': '*', 'Access-Control-Allow-Methods': 'POST', 'Access-Control-Max-Age': '3600', 'Access-Control-Allow-Headers': 'Content-Type, Access-Control-Allow-Headers, Authorization, X-Requested-With', 'Content-Length': '69', 'Keep-Alive': 'timeout=5, max=100', 'Connection': 'Keep-Alive', 'Content-Type': 'application/json;charset=UTF-8'}
Response cookies: {}

-----

-----
Test: tests/test_petstore_swagger.py::Test_petstore::test_create_pet_in_petstore (call)
Time: 2022-11-04 13:52:57.471785
Request method: POST
Request URL: https://petstore.swagger.io/v2/pet

Response code: 200
Response text: {"id":9223372000001084849,"category":{"id":0,"name":"Dogs"},"name":"Bobick","photoUrls":["Null"],"tags":[{"id":0,"name":"Dogs"}],"status":"available"}
Response headers: {'Date': 'Fri, 04 Nov 2022 09:52:58 GMT', 'Content-Type': 'application/json', 'Transfer-Encoding': 'chunked', 'Connection': 'keep-alive', 'Access-Control-Allow-Origin': '*', 'Access-Control-Allow-Methods': 'GET, POST, DELETE, PUT', 'Access-Control-Allow-Headers': 'Content-Type, api_key, Authorization', 'Server': 'Jetty(9.2.9.v20150224)'}
Response cookies: {}

-----

-----
Test: tests/test_petstore_swagger.py::Test_petstore::test_create_pet_in_petstore (call)
Time: 2022-11-04 13:52:58.291835
Request method: GET
Request URL: https://petstore.swagger.io/v2/pet/9223372000001084849

Response code: 200
Response text: {"id":9223372000001084849,"category":{"id":0,"name":"Dogs"},"name":"Bobick","photoUrls":["Null"],"tags":[{"id":0,"name":"Dogs"}],"status":"available"}
Response headers: {'Date': 'Fri, 04 Nov 2022 09:52:59 GMT', 'Content-Type': 'application/json', 'Transfer-Encoding': 'chunked', 'Connection': 'keep-alive', 'Access-Control-Allow-Origin': '*', 'Access-Control-Allow-Methods': 'GET, POST, DELETE, PUT', 'Access-Control-Allow-Headers': 'Content-Type, api_key, Authorization', 'Server': 'Jetty(9.2.9.v20150224)'}
Response cookies: {}

-----

-----
Test: tests/test_petstore_swagger.py::Test_petstore::test_create_pet_in_petstore (call)
Time: 2022-11-04 13:52:58.986093
Request method: PUT
Request URL: https://petstore.swagger.io/v2/pet

Response code: 200
Response text: {"id":9223372000001084849,"name":"Great Bobster III","photoUrls":[],"tags":[]}
Response headers: {'Date': 'Fri, 04 Nov 2022 09:52:59 GMT', 'Content-Type': 'application/json', 'Transfer-Encoding': 'chunked', 'Connection': 'keep-alive', 'Access-Control-Allow-Origin': '*', 'Access-Control-Allow-Methods': 'GET, POST, DELETE, PUT', 'Access-Control-Allow-Headers': 'Content-Type, api_key, Authorization', 'Server': 'Jetty(9.2.9.v20150224)'}
Response cookies: {}

-----

-----
Test: tests/test_petstore_swagger.py::Test_petstore::test_create_pet_in_petstore (call)
Time: 2022-11-04 13:52:59.662448
Request method: GET
Request URL: https://petstore.swagger.io/v2/pet/9223372000001084849

Response code: 200
Response text: {"id":9223372000001084849,"name":"Great Bobster III","photoUrls":[],"tags":[]}
Response headers: {'Date': 'Fri, 04 Nov 2022 09:53:00 GMT', 'Content-Type': 'application/json', 'Transfer-Encoding': 'chunked', 'Connection': 'keep-alive', 'Access-Control-Allow-Origin': '*', 'Access-Control-Allow-Methods': 'GET, POST, DELETE, PUT', 'Access-Control-Allow-Headers': 'Content-Type, api_key, Authorization', 'Server': 'Jetty(9.2.9.v20150224)'}
Response cookies: {}

-----

-----
Test: tests/test_petstore_swagger.py::Test_petstore::test_create_pet_in_petstore (call)
Time: 2022-11-04 13:53:00.357524
Request method: DELETE
Request URL: https://petstore.swagger.io/v2/pet/9223372000001084849

Response code: 200
Response text: {"code":200,"type":"unknown","message":"9223372000001084849"}
Response headers: {'Date': 'Fri, 04 Nov 2022 09:53:01 GMT', 'Content-Type': 'application/json', 'Transfer-Encoding': 'chunked', 'Connection': 'keep-alive', 'Access-Control-Allow-Origin': '*', 'Access-Control-Allow-Methods': 'GET, POST, DELETE, PUT', 'Access-Control-Allow-Headers': 'Content-Type, api_key, Authorization', 'Server': 'Jetty(9.2.9.v20150224)'}
Response cookies: {}

-----

-----
Test: tests/test_petstore_swagger.py::Test_petstore::test_create_pet_in_petstore (call)
Time: 2022-11-04 13:53:01.037262
Request method: GET
Request URL: https://petstore.swagger.io/v2/pet/9223372000001084849

Response code: 404
Response text: {"code":1,"type":"error","message":"Pet not found"}
Response headers: {'Date': 'Fri, 04 Nov 2022 09:53:01 GMT', 'Content-Type': 'application/json', 'Transfer-Encoding': 'chunked', 'Connection': 'keep-alive', 'Access-Control-Allow-Origin': '*', 'Access-Control-Allow-Methods': 'GET, POST, DELETE, PUT', 'Access-Control-Allow-Headers': 'Content-Type, api_key, Authorization', 'Server': 'Jetty(9.2.9.v20150224)'}
Response cookies: {}

-----

-----
Test: tests/test_petstore_swagger.py::Test_petstore::test_negative_pet_petstore (call)
Time: 2022-11-04 13:53:01.750123
Request method: POST
Request URL: https://petstore.swagger.io/v2/pet

Response code: 500
Response text: {"code":500,"type":"unknown","message":"something bad happened"}
Response headers: {'Date': 'Fri, 04 Nov 2022 09:53:02 GMT', 'Content-Type': 'application/json', 'Transfer-Encoding': 'chunked', 'Connection': 'keep-alive', 'Access-Control-Allow-Origin': '*', 'Access-Control-Allow-Methods': 'GET, POST, DELETE, PUT', 'Access-Control-Allow-Headers': 'Content-Type, api_key, Authorization', 'Server': 'Jetty(9.2.9.v20150224)'}
Response cookies: {}

-----

-----
Test: tests/test_petstore_swagger.py::Test_petstore::test_negative_pet_petstore (call)
Time: 2022-11-04 13:53:02.485632
Request method: GET
Request URL: https://petstore.swagger.io/v2/pet/0

Response code: 404
Response text: {"code":1,"type":"error","message":"Pet not found"}
Response headers: {'Date': 'Fri, 04 Nov 2022 09:53:03 GMT', 'Content-Type': 'application/json', 'Transfer-Encoding': 'chunked', 'Connection': 'keep-alive', 'Access-Control-Allow-Origin': '*', 'Access-Control-Allow-Methods': 'GET, POST, DELETE, PUT', 'Access-Control-Allow-Headers': 'Content-Type, api_key, Authorization', 'Server': 'Jetty(9.2.9.v20150224)'}
Response cookies: {}

-----

-----
Test: tests/test_petstore_swagger.py::Test_petstore::test_negative_pet_petstore (call)
Time: 2022-11-04 13:53:03.172922
Request method: PUT
Request URL: https://petstore.swagger.io/v2/pet

Response code: 500
Response text: {"code":500,"type":"unknown","message":"something bad happened"}
Response headers: {'Date': 'Fri, 04 Nov 2022 09:53:04 GMT', 'Content-Type': 'application/json', 'Transfer-Encoding': 'chunked', 'Connection': 'keep-alive', 'Access-Control-Allow-Origin': '*', 'Access-Control-Allow-Methods': 'GET, POST, DELETE, PUT', 'Access-Control-Allow-Headers': 'Content-Type, api_key, Authorization', 'Server': 'Jetty(9.2.9.v20150224)'}
Response cookies: {}

-----

-----
Test: tests/test_petstore_swagger.py::Test_petstore::test_negative_pet_petstore (call)
Time: 2022-11-04 13:53:03.851215
Request method: DELETE
Request URL: https://petstore.swagger.io/v2/pet/32

Response code: 404
Response text: 
Response headers: {'Date': 'Fri, 04 Nov 2022 09:53:04 GMT', 'Content-Length': '0', 'Connection': 'keep-alive', 'Access-Control-Allow-Origin': '*', 'Access-Control-Allow-Methods': 'GET, POST, DELETE, PUT', 'Access-Control-Allow-Headers': 'Content-Type, api_key, Authorization', 'Server': 'Jetty(9.2.9.v20150224)'}
Response cookies: {}

-----
